To use retry middleware with Faraday v2.0+, install `faraday-retry` gem
/home/codespace/gems/gems/jekyll-algolia-1.7.1/lib/jekyll/algolia/progress_bar.rb:4: warning: ostruct was loaded from the standard library, but will no longer be part of the default gems starting from Ruby 3.5.0.
You can add ostruct to your Gemfile or gemspec to silence this warning.
Configuration file: /workspaces/ahmed-almahey.github.io/_config.yml
            Source: /workspaces/ahmed-almahey.github.io
       Destination: /workspaces/ahmed-almahey.github.io/_site
 Incremental build: disabled. Enable with --incremental
      Generating... 
      Remote Theme: Using theme mmistakes/minimal-mistakes
       Jekyll Feed: Generating feed for posts
[33m     Build Warning: Layout 'post' requested in _posts/2025-10-14-welcome-to-jekyll.markdown does not exist.[0m
[33m     Build Warning: Layout 'page' requested in 404.html does not exist.[0m
DEPRECATION WARNING [import]: Sass @import rules are deprecated and will be removed in Dart Sass 3.0.0.

More info and automated migrator: https://sass-lang.com/d/import

  ╷
1 │ @import "default";
  │         ^^^^^^^^^
  ╵
    /workspaces/ahmed-almahey.github.io/assets/css/custom.scss 1:9  root stylesheet
DEPRECATION WARNING [import]: Sass @import rules are deprecated and will be removed in Dart Sass 3.0.0.

More info and automated migrator: https://sass-lang.com/d/import

  ╷
2 │ @import "author";
  │         ^^^^^^^^
  ╵
    /workspaces/ahmed-almahey.github.io/assets/css/custom.scss 2:9  root stylesheet
DEPRECATION WARNING [import]: Sass @import rules are deprecated and will be removed in Dart Sass 3.0.0.

More info and automated migrator: https://sass-lang.com/d/import

  ╷
3 │ @import "footer";
  │         ^^^^^^^^
  ╵
    /workspaces/ahmed-almahey.github.io/assets/css/custom.scss 3:9  root stylesheet
DEPRECATION WARNING [import]: Sass @import rules are deprecated and will be removed in Dart Sass 3.0.0.

More info and automated migrator: https://sass-lang.com/d/import

  ╷
4 │ @import "grid_layout";
  │         ^^^^^^^^^^^^^
  ╵
    /workspaces/ahmed-almahey.github.io/assets/css/custom.scss 4:9  root stylesheet
DEPRECATION WARNING [import]: Sass @import rules are deprecated and will be removed in Dart Sass 3.0.0.

More info and automated migrator: https://sass-lang.com/d/import

  ╷
5 │ @import "home";
  │         ^^^^^^
  ╵
    /workspaces/ahmed-almahey.github.io/assets/css/custom.scss 5:9  root stylesheet
WARNING: 3 repetitive deprecation warnings omitted.
Run in verbose mode to see all warnings.
DEPRECATION WARNING [import]: Sass @import rules are deprecated and will be removed in Dart Sass 3.0.0.

More info and automated migrator: https://sass-lang.com/d/import

  ╷
3 │ @import "minimal-mistakes/skins/default"; // skin
  │         ^^^^^^^^^^^^^^^^^^^^^^^^^^^^^^^^
  ╵
    /workspaces/ahmed-almahey.github.io/assets/css/main.scss 3:9  root stylesheet
DEPRECATION WARNING [import]: Sass @import rules are deprecated and will be removed in Dart Sass 3.0.0.

More info and automated migrator: https://sass-lang.com/d/import

  ╷
4 │ @import "minimal-mistakes"; // main partials
  │         ^^^^^^^^^^^^^^^^^^
  ╵
    /workspaces/ahmed-almahey.github.io/assets/css/main.scss 4:9  root stylesheet
DEPRECATION WARNING [import]: Sass @import rules are deprecated and will be removed in Dart Sass 3.0.0.

More info and automated migrator: https://sass-lang.com/d/import

  ╷
8 │ @import "minimal-mistakes/variables";
  │         ^^^^^^^^^^^^^^^^^^^^^^^^^^^^
  ╵
    minimal-mistakes.scss 8:9                                     @import
    /workspaces/ahmed-almahey.github.io/assets/css/main.scss 4:9  root stylesheet
DEPRECATION WARNING [import]: Sass @import rules are deprecated and will be removed in Dart Sass 3.0.0.

More info and automated migrator: https://sass-lang.com/d/import

   ╷
11 │ @import "minimal-mistakes/vendor/breakpoint/breakpoint";
   │         ^^^^^^^^^^^^^^^^^^^^^^^^^^^^^^^^^^^^^^^^^^^^^^^
   ╵
    minimal-mistakes.scss 11:9                                    @import
    /workspaces/ahmed-almahey.github.io/assets/css/main.scss 4:9  root stylesheet
DEPRECATION WARNING [import]: Sass @import rules are deprecated and will be removed in Dart Sass 3.0.0.

More info and automated migrator: https://sass-lang.com/d/import

   ╷
13 │ @import "minimal-mistakes/vendor/magnific-popup/magnific-popup"; // Magnific Popup
   │         ^^^^^^^^^^^^^^^^^^^^^^^^^^^^^^^^^^^^^^^^^^^^^^^^^^^^^^^
   ╵
    minimal-mistakes.scss 13:9                                    @import
    /workspaces/ahmed-almahey.github.io/assets/css/main.scss 4:9  root stylesheet
DEPRECATION WARNING [global-builtin]: Global built-in functions are deprecated and will be removed in Dart Sass 3.0.0.
Use color.mix instead.

More info and automated migrator: https://sass-lang.com/d/import

   ╷
59 │ $dark-gray: mix(#000, $gray, 50%) !default;
   │             ^^^^^^^^^^^^^^^^^^^^^
   ╵
    /tmp/jekyll-remote-theme-20251015-68376-tpmveu/_sass/minimal-mistakes/_variables.scss 59:13  @import
    minimal-mistakes.scss 8:9                                                                    @import
    /workspaces/ahmed-almahey.github.io/assets/css/main.scss 4:9                                 root stylesheet
DEPRECATION WARNING [global-builtin]: Global built-in functions are deprecated and will be removed in Dart Sass 3.0.0.
Use color.mix instead.

More info and automated migrator: https://sass-lang.com/d/import

   ╷
60 │ $darker-gray: mix(#000, $gray, 60%) !default;
   │               ^^^^^^^^^^^^^^^^^^^^^
   ╵
    /tmp/jekyll-remote-theme-20251015-68376-tpmveu/_sass/minimal-mistakes/_variables.scss 60:15  @import
    minimal-mistakes.scss 8:9                                                                    @import
    /workspaces/ahmed-almahey.github.io/assets/css/main.scss 4:9                                 root stylesheet
DEPRECATION WARNING [global-builtin]: Global built-in functions are deprecated and will be removed in Dart Sass 3.0.0.
Use color.mix instead.

More info and automated migrator: https://sass-lang.com/d/import

   ╷
61 │ $light-gray: mix(#fff, $gray, 50%) !default;
   │              ^^^^^^^^^^^^^^^^^^^^^
   ╵
    /tmp/jekyll-remote-theme-20251015-68376-tpmveu/_sass/minimal-mistakes/_variables.scss 61:14  @import
    minimal-mistakes.scss 8:9                                                                    @import
    /workspaces/ahmed-almahey.github.io/assets/css/main.scss 4:9                                 root stylesheet
DEPRECATION WARNING [global-builtin]: Global built-in functions are deprecated and will be removed in Dart Sass 3.0.0.
Use color.mix instead.

More info and automated migrator: https://sass-lang.com/d/import

   ╷
62 │ $lighter-gray: mix(#fff, $gray, 90%) !default;
   │                ^^^^^^^^^^^^^^^^^^^^^
   ╵
    /tmp/jekyll-remote-theme-20251015-68376-tpmveu/_sass/minimal-mistakes/_variables.scss 62:16  @import
    minimal-mistakes.scss 8:9                                                                    @import
    /workspaces/ahmed-almahey.github.io/assets/css/main.scss 4:9                                 root stylesheet
DEPRECATION WARNING [global-builtin]: Global built-in functions are deprecated and will be removed in Dart Sass 3.0.0.
Use color.mix instead.

More info and automated migrator: https://sass-lang.com/d/import

   ╷
68 │ $muted-text-color: mix(#fff, $text-color, 20%) !default;
   │                    ^^^^^^^^^^^^^^^^^^^^^^^^^^^
   ╵
    /tmp/jekyll-remote-theme-20251015-68376-tpmveu/_sass/minimal-mistakes/_variables.scss 68:20  @import
    minimal-mistakes.scss 8:9                                                                    @import
    /workspaces/ahmed-almahey.github.io/assets/css/main.scss 4:9                                 root stylesheet
DEPRECATION WARNING [slash-div]: Using / for division is deprecated and will be removed in Dart Sass 2.0.0.

Recommendation: math.div(9, 16)

More info and automated migrator: https://sass-lang.com/d/slash-div

   ╷
31 │ $mfp-iframe-ratio:                    9/16;                       // Ratio of iframe (9/16 = widescreen, 3/4 = standard, etc.)
   │                                       ^^^^
   ╵
    /tmp/jekyll-remote-theme-20251015-68376-tpmveu/_sass/minimal-mistakes/vendor/magnific-popup/_settings.scss 31:39      @import
    /tmp/jekyll-remote-theme-20251015-68376-tpmveu/_sass/minimal-mistakes/vendor/magnific-popup/_magnific-popup.scss 3:9  @import
    minimal-mistakes.scss 13:9                                                                                            @import
    /workspaces/ahmed-almahey.github.io/assets/css/main.scss 4:9                                                          root stylesheet
DEPRECATION WARNING [slash-div]: Using / for division outside of calc() is deprecated and will be removed in Dart Sass 2.0.0.

Recommendation: math.div($value, 16px) or calc($value / 16px)

More info and automated migrator: https://sass-lang.com/d/slash-div

   ╷
28 │     @return $value / 16px * 1em;
   │             ^^^^^^^^^^^^^
   ╵
    /tmp/jekyll-remote-theme-20251015-68376-tpmveu/_sass/minimal-mistakes/vendor/breakpoint/_helpers.scss 28:13                base-conversion()
    /tmp/jekyll-remote-theme-20251015-68376-tpmveu/_sass/minimal-mistakes/vendor/breakpoint/_helpers.scss 20:13                breakpoint-to-base-em()
    /tmp/jekyll-remote-theme-20251015-68376-tpmveu/_sass/minimal-mistakes/vendor/breakpoint/parsers/single/_default.scss 8:29  breakpoint-parse-default()
    /tmp/jekyll-remote-theme-20251015-68376-tpmveu/_sass/minimal-mistakes/vendor/breakpoint/parsers/_single.scss 22:14         breakpoint-parse-single()
    /tmp/jekyll-remote-theme-20251015-68376-tpmveu/_sass/minimal-mistakes/vendor/breakpoint/_parsers.scss 153:18               breakpoint-parse()
    /tmp/jekyll-remote-theme-20251015-68376-tpmveu/_sass/minimal-mistakes/vendor/breakpoint/_parsers.scss 48:22                breakpoint()
    /tmp/jekyll-remote-theme-20251015-68376-tpmveu/_sass/minimal-mistakes/vendor/breakpoint/_breakpoint.scss 46:16             breakpoint()
    /tmp/jekyll-remote-theme-20251015-68376-tpmveu/_sass/minimal-mistakes/_reset.scss 13:3                                     @import
    minimal-mistakes.scss 18:9                                                                                                 @import
    /workspaces/ahmed-almahey.github.io/assets/css/main.scss 4:9                                                               root stylesheet
DEPRECATION WARNING [slash-div]: Using / for division outside of calc() is deprecated and will be removed in Dart Sass 2.0.0.

Recommendation: math.div(5px, 2) or calc(5px / 2)

More info and automated migrator: https://sass-lang.com/d/slash-div

   ╷
28 │     margin-bottom: (5px / 2);
   │                     ^^^^^^^
   ╵
    /tmp/jekyll-remote-theme-20251015-68376-tpmveu/_sass/minimal-mistakes/_forms.scss 28:21  @import
    minimal-mistakes.scss 20:9                                                               @import
    /workspaces/ahmed-almahey.github.io/assets/css/main.scss 4:9                             root stylesheet
DEPRECATION WARNING [color-functions]: red() is deprecated. Suggestion:

color.channel($color, "red", $space: rgb)

More info: https://sass-lang.com/d/color-functions

   ╷
64 │   $red: red($color);
   │         ^^^^^^^^^^^
   ╵
    /tmp/jekyll-remote-theme-20251015-68376-tpmveu/_sass/minimal-mistakes/_mixins.scss 64:9   yiq-is-light()
    /tmp/jekyll-remote-theme-20251015-68376-tpmveu/_sass/minimal-mistakes/_mixins.scss 81:14  yiq-contrast-color()
    /tmp/jekyll-remote-theme-20251015-68376-tpmveu/_sass/minimal-mistakes/_mixins.scss 91:10  yiq-contrasted()
    /tmp/jekyll-remote-theme-20251015-68376-tpmveu/_sass/minimal-mistakes/_buttons.scss 46:7  @import
    minimal-mistakes.scss 25:9                                                                @import
    /workspaces/ahmed-almahey.github.io/assets/css/main.scss 4:9                              root stylesheet
DEPRECATION WARNING [color-functions]: green() is deprecated. Suggestion:

color.channel($color, "green", $space: rgb)

More info: https://sass-lang.com/d/color-functions

   ╷
65 │   $green: green($color);
   │           ^^^^^^^^^^^^^
   ╵
    /tmp/jekyll-remote-theme-20251015-68376-tpmveu/_sass/minimal-mistakes/_mixins.scss 65:11  yiq-is-light()
    /tmp/jekyll-remote-theme-20251015-68376-tpmveu/_sass/minimal-mistakes/_mixins.scss 81:14  yiq-contrast-color()
    /tmp/jekyll-remote-theme-20251015-68376-tpmveu/_sass/minimal-mistakes/_mixins.scss 91:10  yiq-contrasted()
    /tmp/jekyll-remote-theme-20251015-68376-tpmveu/_sass/minimal-mistakes/_buttons.scss 46:7  @import
    minimal-mistakes.scss 25:9                                                                @import
    /workspaces/ahmed-almahey.github.io/assets/css/main.scss 4:9                              root stylesheet
DEPRECATION WARNING [color-functions]: blue() is deprecated. Suggestion:

color.channel($color, "blue", $space: rgb)

More info: https://sass-lang.com/d/color-functions

   ╷
66 │   $blue: blue($color);
   │          ^^^^^^^^^^^^
   ╵
    /tmp/jekyll-remote-theme-20251015-68376-tpmveu/_sass/minimal-mistakes/_mixins.scss 66:10  yiq-is-light()
    /tmp/jekyll-remote-theme-20251015-68376-tpmveu/_sass/minimal-mistakes/_mixins.scss 81:14  yiq-contrast-color()
    /tmp/jekyll-remote-theme-20251015-68376-tpmveu/_sass/minimal-mistakes/_mixins.scss 91:10  yiq-contrasted()
    /tmp/jekyll-remote-theme-20251015-68376-tpmveu/_sass/minimal-mistakes/_buttons.scss 46:7  @import
    minimal-mistakes.scss 25:9                                                                @import
    /workspaces/ahmed-almahey.github.io/assets/css/main.scss 4:9                              root stylesheet
DEPRECATION WARNING [slash-div]: Using / for division outside of calc() is deprecated and will be removed in Dart Sass 2.0.0.

Recommendation: math.div(($red * 299) + ($green * 587) + ($blue * 114), 1000) or calc((($red * 299) + ($green * 587) + ($blue * 114)) / 1000)

More info and automated migrator: https://sass-lang.com/d/slash-div

   ╷
68 │   $yiq: (($red*299)+($green*587)+($blue*114))/1000;
   │         ^^^^^^^^^^^^^^^^^^^^^^^^^^^^^^^^^^^^^^^^^^
   ╵
    /tmp/jekyll-remote-theme-20251015-68376-tpmveu/_sass/minimal-mistakes/_mixins.scss 68:9   yiq-is-light()
    /tmp/jekyll-remote-theme-20251015-68376-tpmveu/_sass/minimal-mistakes/_mixins.scss 81:14  yiq-contrast-color()
    /tmp/jekyll-remote-theme-20251015-68376-tpmveu/_sass/minimal-mistakes/_mixins.scss 91:10  yiq-contrasted()
    /tmp/jekyll-remote-theme-20251015-68376-tpmveu/_sass/minimal-mistakes/_buttons.scss 46:7  @import
    minimal-mistakes.scss 25:9                                                                @import
    /workspaces/ahmed-almahey.github.io/assets/css/main.scss 4:9                              root stylesheet
DEPRECATION WARNING [slash-div]: Using / for division outside of calc() is deprecated and will be removed in Dart Sass 2.0.0.

Recommendation: math.div($span-width, $container) or calc($span-width / $container)

More info and automated migrator: https://sass-lang.com/d/slash-div

   ╷
93 │     @return percentage($span-width / $container);
   │                        ^^^^^^^^^^^^^^^^^^^^^^^^
   ╵
    /tmp/jekyll-remote-theme-20251015-68376-tpmveu/_sass/minimal-mistakes/vendor/susy/susy/_su-math.scss 93:24          su-span()
    /tmp/jekyll-remote-theme-20251015-68376-tpmveu/_sass/minimal-mistakes/vendor/susy/susy/_syntax-helpers.scss 190:11  su-call()
    /tmp/jekyll-remote-theme-20251015-68376-tpmveu/_sass/minimal-mistakes/vendor/susy/susy/_api.scss 146:13             susy-span()
    /tmp/jekyll-remote-theme-20251015-68376-tpmveu/_sass/minimal-mistakes/vendor/susy/susy/_unprefix.scss 19:11         span()
    /tmp/jekyll-remote-theme-20251015-68376-tpmveu/_sass/minimal-mistakes/_utilities.scss 185:24                        @content
    /tmp/jekyll-remote-theme-20251015-68376-tpmveu/_sass/minimal-mistakes/vendor/breakpoint/_breakpoint.scss 66:7       breakpoint()
    /tmp/jekyll-remote-theme-20251015-68376-tpmveu/_sass/minimal-mistakes/_utilities.scss 184:3                         @import
    minimal-mistakes.scss 34:9                                                                                          @import
    /workspaces/ahmed-almahey.github.io/assets/css/main.scss 4:9                                                        root stylesheet
WARNING: 212 repetitive deprecation warnings omitted.
Run in verbose mode to see all warnings.
                    done in 1.777 seconds.
 Auto-regeneration: disabled. Use --watch to enable.
